{"C:\\Users\\ediel\\OneDrive\\Documentos\\Programação\\Curso Programação Web\\TypeScript\\API - VERBOS\\src\\repositories\\database.ts": {"path":"C:\\Users\\ediel\\OneDrive\\Documentos\\Programação\\Curso Programação Web\\TypeScript\\API - VERBOS\\src\\repositories\\database.ts","statementMap":{"0":{"start":{"line":1,"column":0},"end":{"line":1,"column":26}},"1":{"start":{"line":3,"column":13},"end":{"line":8,"column":2}},"2":{"start":{"line":10,"column":0},"end":{"line":16,"column":3}},"3":{"start":{"line":11,"column":4},"end":{"line":15,"column":null}},"4":{"start":{"line":12,"column":8},"end":{"line":12,"column":74}},"5":{"start":{"line":14,"column":8},"end":{"line":14,"column":64}},"6":{"start":{"line":18,"column":0},"end":{"line":18,"column":20}}},"fnMap":{"0":{"name":"(anonymous_1)","decl":{"start":{"line":10,"column":13},"end":{"line":10,"column":14}},"loc":{"start":{"line":10,"column":23},"end":{"line":16,"column":1}}}},"branchMap":{"0":{"loc":{"start":{"line":11,"column":4},"end":{"line":15,"column":null}},"type":"if","locations":[{"start":{"line":11,"column":4},"end":{"line":15,"column":null}},{"start":{"line":13,"column":9},"end":{"line":15,"column":null}}]}},"s":{"0":1,"1":1,"2":1,"3":1,"4":0,"5":1,"6":1},"f":{"0":1},"b":{"0":[0,1]}}
,"C:\\Users\\ediel\\OneDrive\\Documentos\\Programação\\Curso Programação Web\\TypeScript\\API - VERBOS\\src\\repositories\\itensRepository.ts": {"path":"C:\\Users\\ediel\\OneDrive\\Documentos\\Programação\\Curso Programação Web\\TypeScript\\API - VERBOS\\src\\repositories\\itensRepository.ts","statementMap":{"0":{"start":{"line":3,"column":0},"end":{"line":3,"column":30}},"1":{"start":{"line":13,"column":8},"end":{"line":27,"column":11}},"2":{"start":{"line":14,"column":12},"end":{"line":26,"column":null}},"3":{"start":{"line":15,"column":16},"end":{"line":25,"column":null}},"4":{"start":{"line":16,"column":20},"end":{"line":16,"column":82}},"5":{"start":{"line":17,"column":20},"end":{"line":17,"column":29}},"6":{"start":{"line":18,"column":22},"end":{"line":25,"column":null}},"7":{"start":{"line":19,"column":20},"end":{"line":19,"column":36}},"8":{"start":{"line":20,"column":20},"end":{"line":20,"column":29}},"9":{"start":{"line":22,"column":20},"end":{"line":22,"column":41}},"10":{"start":{"line":24,"column":20},"end":{"line":24,"column":37}},"11":{"start":{"line":31,"column":8},"end":{"line":44,"column":11}},"12":{"start":{"line":32,"column":12},"end":{"line":43,"column":null}},"13":{"start":{"line":33,"column":16},"end":{"line":42,"column":null}},"14":{"start":{"line":34,"column":20},"end":{"line":34,"column":80}},"15":{"start":{"line":35,"column":20},"end":{"line":35,"column":29}},"16":{"start":{"line":36,"column":22},"end":{"line":42,"column":null}},"17":{"start":{"line":37,"column":20},"end":{"line":37,"column":72}},"18":{"start":{"line":38,"column":20},"end":{"line":38,"column":29}},"19":{"start":{"line":40,"column":20},"end":{"line":40,"column":41}},"20":{"start":{"line":41,"column":20},"end":{"line":41,"column":37}},"21":{"start":{"line":48,"column":8},"end":{"line":58,"column":11}},"22":{"start":{"line":49,"column":12},"end":{"line":57,"column":null}},"23":{"start":{"line":50,"column":16},"end":{"line":56,"column":null}},"24":{"start":{"line":51,"column":20},"end":{"line":51,"column":84}},"25":{"start":{"line":52,"column":20},"end":{"line":52,"column":29}},"26":{"start":{"line":54,"column":20},"end":{"line":54,"column":38}},"27":{"start":{"line":55,"column":20},"end":{"line":55,"column":34}},"28":{"start":{"line":62,"column":8},"end":{"line":76,"column":11}},"29":{"start":{"line":63,"column":12},"end":{"line":75,"column":null}},"30":{"start":{"line":64,"column":16},"end":{"line":74,"column":null}},"31":{"start":{"line":65,"column":20},"end":{"line":65,"column":83}},"32":{"start":{"line":66,"column":20},"end":{"line":66,"column":29}},"33":{"start":{"line":67,"column":23},"end":{"line":74,"column":null}},"34":{"start":{"line":68,"column":20},"end":{"line":68,"column":72}},"35":{"start":{"line":69,"column":20},"end":{"line":69,"column":29}},"36":{"start":{"line":71,"column":20},"end":{"line":71,"column":68}},"37":{"start":{"line":72,"column":20},"end":{"line":72,"column":63}},"38":{"start":{"line":73,"column":20},"end":{"line":73,"column":59}},"39":{"start":{"line":80,"column":8},"end":{"line":104,"column":11}},"40":{"start":{"line":81,"column":12},"end":{"line":103,"column":null}},"41":{"start":{"line":82,"column":16},"end":{"line":102,"column":null}},"42":{"start":{"line":83,"column":20},"end":{"line":101,"column":null}},"43":{"start":{"line":84,"column":24},"end":{"line":84,"column":84}},"44":{"start":{"line":85,"column":24},"end":{"line":85,"column":33}},"45":{"start":{"line":86,"column":26},"end":{"line":101,"column":null}},"46":{"start":{"line":87,"column":24},"end":{"line":87,"column":74}},"47":{"start":{"line":88,"column":24},"end":{"line":88,"column":33}},"48":{"start":{"line":90,"column":24},"end":{"line":100,"column":27}},"49":{"start":{"line":91,"column":28},"end":{"line":99,"column":null}},"50":{"start":{"line":92,"column":32},"end":{"line":92,"column":92}},"51":{"start":{"line":93,"column":32},"end":{"line":93,"column":41}},"52":{"start":{"line":95,"column":32},"end":{"line":95,"column":54}},"53":{"start":{"line":96,"column":32},"end":{"line":96,"column":50}},"54":{"start":{"line":97,"column":32},"end":{"line":97,"column":54}},"55":{"start":{"line":98,"column":32},"end":{"line":98,"column":50}},"56":{"start":{"line":7,"column":0},"end":{"line":7,"column":21}}},"fnMap":{"0":{"name":"(anonymous_8)","decl":{"start":{"line":10,"column":17},"end":{"line":10,"column":30}},"loc":{"start":{"line":10,"column":41},"end":{"line":28,"column":null}}},"1":{"name":"(anonymous_10)","decl":{"start":{"line":13,"column":27},"end":{"line":13,"column":28}},"loc":{"start":{"line":13,"column":47},"end":{"line":27,"column":9}}},"2":{"name":"(anonymous_11)","decl":{"start":{"line":14,"column":62},"end":{"line":14,"column":63}},"loc":{"start":{"line":14,"column":81},"end":{"line":26,"column":13}}},"3":{"name":"(anonymous_12)","decl":{"start":{"line":30,"column":17},"end":{"line":30,"column":28}},"loc":{"start":{"line":30,"column":28},"end":{"line":45,"column":null}}},"4":{"name":"(anonymous_14)","decl":{"start":{"line":31,"column":27},"end":{"line":31,"column":28}},"loc":{"start":{"line":31,"column":47},"end":{"line":44,"column":9}}},"5":{"name":"(anonymous_15)","decl":{"start":{"line":32,"column":45},"end":{"line":32,"column":46}},"loc":{"start":{"line":32,"column":64},"end":{"line":43,"column":13}}},"6":{"name":"(anonymous_16)","decl":{"start":{"line":47,"column":17},"end":{"line":47,"column":26}},"loc":{"start":{"line":47,"column":37},"end":{"line":59,"column":null}}},"7":{"name":"(anonymous_18)","decl":{"start":{"line":48,"column":27},"end":{"line":48,"column":28}},"loc":{"start":{"line":48,"column":47},"end":{"line":58,"column":9}}},"8":{"name":"(anonymous_19)","decl":{"start":{"line":49,"column":106},"end":{"line":49,"column":107}},"loc":{"start":{"line":49,"column":116},"end":{"line":57,"column":13}}},"9":{"name":"(anonymous_20)","decl":{"start":{"line":61,"column":17},"end":{"line":61,"column":28}},"loc":{"start":{"line":61,"column":39},"end":{"line":77,"column":null}}},"10":{"name":"(anonymous_22)","decl":{"start":{"line":62,"column":27},"end":{"line":62,"column":28}},"loc":{"start":{"line":62,"column":47},"end":{"line":76,"column":9}}},"11":{"name":"(anonymous_23)","decl":{"start":{"line":63,"column":62},"end":{"line":63,"column":63}},"loc":{"start":{"line":63,"column":80},"end":{"line":75,"column":13}}},"12":{"name":"(anonymous_24)","decl":{"start":{"line":79,"column":17},"end":{"line":79,"column":30}},"loc":{"start":{"line":79,"column":41},"end":{"line":105,"column":null}}},"13":{"name":"(anonymous_26)","decl":{"start":{"line":80,"column":27},"end":{"line":80,"column":28}},"loc":{"start":{"line":80,"column":47},"end":{"line":104,"column":9}}},"14":{"name":"(anonymous_27)","decl":{"start":{"line":82,"column":71},"end":{"line":82,"column":72}},"loc":{"start":{"line":82,"column":91},"end":{"line":102,"column":17}}},"15":{"name":"(anonymous_28)","decl":{"start":{"line":90,"column":127},"end":{"line":90,"column":128}},"loc":{"start":{"line":90,"column":147},"end":{"line":100,"column":25}}}},"branchMap":{"0":{"loc":{"start":{"line":15,"column":16},"end":{"line":25,"column":null}},"type":"if","locations":[{"start":{"line":15,"column":16},"end":{"line":25,"column":null}},{"start":{"line":18,"column":22},"end":{"line":25,"column":null}}]},"1":{"loc":{"start":{"line":18,"column":22},"end":{"line":25,"column":null}},"type":"if","locations":[{"start":{"line":18,"column":22},"end":{"line":25,"column":null}},{"start":{"line":21,"column":21},"end":{"line":25,"column":null}}]},"2":{"loc":{"start":{"line":33,"column":16},"end":{"line":42,"column":null}},"type":"if","locations":[{"start":{"line":33,"column":16},"end":{"line":42,"column":null}},{"start":{"line":36,"column":22},"end":{"line":42,"column":null}}]},"3":{"loc":{"start":{"line":36,"column":22},"end":{"line":42,"column":null}},"type":"if","locations":[{"start":{"line":36,"column":22},"end":{"line":42,"column":null}},{"start":{"line":39,"column":21},"end":{"line":42,"column":null}}]},"4":{"loc":{"start":{"line":50,"column":16},"end":{"line":56,"column":null}},"type":"if","locations":[{"start":{"line":50,"column":16},"end":{"line":56,"column":null}},{"start":{"line":53,"column":21},"end":{"line":56,"column":null}}]},"5":{"loc":{"start":{"line":64,"column":16},"end":{"line":74,"column":null}},"type":"if","locations":[{"start":{"line":64,"column":16},"end":{"line":74,"column":null}},{"start":{"line":67,"column":23},"end":{"line":74,"column":null}}]},"6":{"loc":{"start":{"line":67,"column":23},"end":{"line":74,"column":null}},"type":"if","locations":[{"start":{"line":67,"column":23},"end":{"line":74,"column":null}},{"start":{"line":70,"column":23},"end":{"line":74,"column":null}}]},"7":{"loc":{"start":{"line":81,"column":12},"end":{"line":103,"column":null}},"type":"if","locations":[{"start":{"line":81,"column":12},"end":{"line":103,"column":null}}]},"8":{"loc":{"start":{"line":83,"column":20},"end":{"line":101,"column":null}},"type":"if","locations":[{"start":{"line":83,"column":20},"end":{"line":101,"column":null}},{"start":{"line":86,"column":26},"end":{"line":101,"column":null}}]},"9":{"loc":{"start":{"line":86,"column":26},"end":{"line":101,"column":null}},"type":"if","locations":[{"start":{"line":86,"column":26},"end":{"line":101,"column":null}},{"start":{"line":89,"column":25},"end":{"line":101,"column":null}}]},"10":{"loc":{"start":{"line":91,"column":28},"end":{"line":99,"column":null}},"type":"if","locations":[{"start":{"line":91,"column":28},"end":{"line":99,"column":null}},{"start":{"line":94,"column":33},"end":{"line":99,"column":null}}]}},"s":{"0":1,"1":1,"2":1,"3":1,"4":0,"5":0,"6":1,"7":0,"8":0,"9":1,"10":1,"11":1,"12":1,"13":1,"14":0,"15":0,"16":1,"17":0,"18":0,"19":1,"20":1,"21":1,"22":1,"23":1,"24":0,"25":0,"26":1,"27":1,"28":1,"29":1,"30":1,"31":0,"32":0,"33":1,"34":1,"35":1,"36":0,"37":0,"38":0,"39":1,"40":1,"41":1,"42":1,"43":0,"44":0,"45":1,"46":0,"47":0,"48":1,"49":1,"50":0,"51":0,"52":1,"53":1,"54":1,"55":1,"56":1},"f":{"0":1,"1":1,"2":1,"3":1,"4":1,"5":1,"6":1,"7":1,"8":1,"9":1,"10":1,"11":1,"12":1,"13":1,"14":1,"15":1},"b":{"0":[0,1],"1":[0,1],"2":[0,1],"3":[0,1],"4":[0,1],"5":[0,1],"6":[1,0],"7":[1],"8":[0,1],"9":[0,1],"10":[0,1]}}
}
