TN:
SF:src\repositories\database.ts
FN:10,(anonymous_1)
FNF:1
FNH:1
FNDA:1,(anonymous_1)
DA:1,1
DA:3,1
DA:10,1
DA:11,1
DA:12,0
DA:14,1
DA:18,1
LF:7
LH:6
BRDA:11,0,0,0
BRDA:11,0,1,1
BRF:2
BRH:1
end_of_record
TN:
SF:src\repositories\itensRepository.ts
FN:10,(anonymous_8)
FN:13,(anonymous_10)
FN:14,(anonymous_11)
FN:30,(anonymous_12)
FN:31,(anonymous_14)
FN:32,(anonymous_15)
FN:47,(anonymous_16)
FN:48,(anonymous_18)
FN:49,(anonymous_19)
FN:61,(anonymous_20)
FN:62,(anonymous_22)
FN:63,(anonymous_23)
FN:79,(anonymous_24)
FN:80,(anonymous_26)
FN:82,(anonymous_27)
FN:90,(anonymous_28)
FNF:16
FNH:16
FNDA:1,(anonymous_8)
FNDA:1,(anonymous_10)
FNDA:1,(anonymous_11)
FNDA:1,(anonymous_12)
FNDA:1,(anonymous_14)
FNDA:1,(anonymous_15)
FNDA:1,(anonymous_16)
FNDA:1,(anonymous_18)
FNDA:1,(anonymous_19)
FNDA:1,(anonymous_20)
FNDA:1,(anonymous_22)
FNDA:1,(anonymous_23)
FNDA:1,(anonymous_24)
FNDA:1,(anonymous_26)
FNDA:1,(anonymous_27)
FNDA:1,(anonymous_28)
DA:3,1
DA:7,1
DA:13,1
DA:14,1
DA:15,1
DA:16,0
DA:17,0
DA:18,1
DA:19,0
DA:20,0
DA:22,1
DA:24,1
DA:31,1
DA:32,1
DA:33,1
DA:34,0
DA:35,0
DA:36,1
DA:37,0
DA:38,0
DA:40,1
DA:41,1
DA:48,1
DA:49,1
DA:50,1
DA:51,0
DA:52,0
DA:54,1
DA:55,1
DA:62,1
DA:63,1
DA:64,1
DA:65,0
DA:66,0
DA:67,1
DA:68,1
DA:69,1
DA:71,0
DA:72,0
DA:73,0
DA:80,1
DA:81,1
DA:82,1
DA:83,1
DA:84,0
DA:85,0
DA:86,1
DA:87,0
DA:88,0
DA:90,1
DA:91,1
DA:92,0
DA:93,0
DA:95,1
DA:96,1
DA:97,1
DA:98,1
LF:57
LH:36
BRDA:15,0,0,0
BRDA:15,0,1,1
BRDA:18,1,0,0
BRDA:18,1,1,1
BRDA:33,2,0,0
BRDA:33,2,1,1
BRDA:36,3,0,0
BRDA:36,3,1,1
BRDA:50,4,0,0
BRDA:50,4,1,1
BRDA:64,5,0,0
BRDA:64,5,1,1
BRDA:67,6,0,1
BRDA:67,6,1,0
BRDA:81,7,0,1
BRDA:83,8,0,0
BRDA:83,8,1,1
BRDA:86,9,0,0
BRDA:86,9,1,1
BRDA:91,10,0,0
BRDA:91,10,1,1
BRF:21
BRH:11
end_of_record
